<?xml version="1.0" encoding="UTF-8"?>
<!-- Generated by org.testng.reporters.JUnitXMLReporter -->
<testsuite ignored="0" hostname="DESKTOP-61O8IBA" failures="0" tests="9" name="Test" time="84.859" errors="0" timestamp="2022-11-24T13:06:41 IST">
  <testcase classname="com.application.test.ApplicationTest" name="verifyApplicationLogo" time="0.664"/>
  <testcase classname="com.application.test.ApplicationTest" name="verifyApplicationLoginFunctionality" time="1.699"/>
  <testcase classname="com.application.test.ApplicationTest" name="verifyClickonAddtoCart" time="0.586"/>
  <testcase classname="com.application.test.ApplicationTest" name="verifyCart" time="0.852"/>
  <testcase classname="com.application.test.ApplicationTest" name="verifyClickedOnCheckoutBtn" time="0.8"/>
  <testcase classname="com.application.test.ApplicationTest" name="AddAllDetails" time="1.477"/>
  <testcase classname="com.application.test.ApplicationTest" name="verifyClickOnContinue" time="1.474"/>
  <testcase classname="com.application.test.ApplicationTest" name="verifyClickOnFinishBtn" time="1.686"/>
  <testcase classname="com.application.test.ApplicationTest" name="verifySuccessfullyCompleted" time="2.039"/>
</testsuite> <!-- Test -->
